<?xml version="1.0" encoding="UTF-8"?>
<testsuite xmlns:xsi="http://www.w3.org/2001/XMLSchema-instance" xsi:noNamespaceSchemaLocation="https://maven.apache.org/surefire/maven-surefire-plugin/xsd/surefire-test-report.xsd" version="3.0.2" name="dev.aks8m.vanir.yggdrasil.test.ApplicationTest" time="0.861" tests="1" errors="0" skipped="0" failures="0">
  <properties>
[...]
</properties>
  <testcase name="simpleAppTest" classname="dev.aks8m.vanir.yggdrasil.test.ApplicationTest" time="0.356">
    <system-out><![CDATA[22:00:21.545 [main] DEBUG o.e.jetty.http.PreEncodedHttpField - HttpField encoders loaded: [org.eclipse.jetty.http.Http1FieldPreEncoder@432038ec, org.eclipse.jetty.http2.hpack.HpackFieldPreEncoder@7daa0fbd]
22:00:21.597 [main] INFO  d.aks8m.vanir.yggdrasil.Application - Application info
22:00:21.599 [main] DEBUG d.aks8m.vanir.yggdrasil.Application - Application debug
22:00:21.599 [main] ERROR d.aks8m.vanir.yggdrasil.Application - Application error
]]></system-out>
  </testcase>
</testsuite>